{
  "uid" : "7eb79a490e4cd58f",
  "name" : "Edit person from web tables",
  "fullName" : "tests.test_web_tables.TestWebTables#test_edit_some_person",
  "historyId" : "6d6ef89c80909ad77e4237c4c7a7993f",
  "time" : {
    "start" : 1727433932985,
    "stop" : 1727433936547,
    "duration" : 3562
  },
  "status" : "failed",
  "statusMessage" : "AssertionError: Text 'Garment/textile technologist' not found in any of the elements",
  "statusTrace" : "self = <test_web_tables.TestWebTables object at 0x7f81e8bfd130>\n\n    @allure.title(\"Edit person from web tables\")\n    @pytest.mark.smoke\n    def test_edit_some_person(self):\n        self.web_tables.open()\n        self.web_tables.is_opened()\n        self.web_tables.make_screenshot()\n>       self.web_tables.edit_some_person()\n\ntests/test_web_tables.py:43: \n_ _ _ _ _ _ _ _ _ _ _ _ _ _ _ _ _ _ _ _ _ _ _ _ _ _ _ _ _ _ _ _ _ _ _ _ _ _ _ _ \npages/web_tables.py:160: in edit_some_person\n    self.verify_text_in_table(new_value)\npages/web_tables.py:151: in verify_text_in_table\n    self.check_text_in_multiple_elements(self.ALL_CELLS_TABLE_ELEMENTS, expected_text)\n_ _ _ _ _ _ _ _ _ _ _ _ _ _ _ _ _ _ _ _ _ _ _ _ _ _ _ _ _ _ _ _ _ _ _ _ _ _ _ _ \n\nself = <pages.web_tables.WebTables object at 0x7f81e7d718b0>\nlocator = ('xpath', \"//div[@class='rt-td']\")\nexpected_text = 'Garment/textile technologist', slicing = None\n\n    def check_text_in_multiple_elements(self, locator, expected_text, slicing=None):\n        with allure.step(f\"Check if text '{expected_text}' is present in multiple elements\"):\n            elements = self.wait.until(EC.presence_of_all_elements_located(locator))\n            for element in elements:\n                actual_text = slicing(element.text) if slicing else element.text\n                if str(expected_text).lower().strip() in actual_text.lower().strip():\n                    return element\n>           assert False, f\"Text '{expected_text}' not found in any of the elements\"\nE           AssertionError: Text 'Garment/textile technologist' not found in any of the elements\n\nbase/base_page.py:80: AssertionError",
  "flaky" : false,
  "newFailed" : true,
  "beforeStages" : [ {
    "name" : "setup",
    "time" : {
      "start" : 1727433932921,
      "stop" : 1727433932984,
      "duration" : 63
    },
    "status" : "passed",
    "steps" : [ ],
    "attachments" : [ ],
    "parameters" : [ ],
    "attachmentsCount" : 0,
    "shouldDisplayMessage" : false,
    "stepsCount" : 0,
    "hasContent" : false
  }, {
    "name" : "_session_faker",
    "time" : {
      "start" : 1727433735927,
      "stop" : 1727433736003,
      "duration" : 76
    },
    "status" : "passed",
    "steps" : [ ],
    "attachments" : [ ],
    "parameters" : [ ],
    "attachmentsCount" : 0,
    "shouldDisplayMessage" : false,
    "stepsCount" : 0,
    "hasContent" : false
  }, {
    "name" : "driver",
    "time" : {
      "start" : 1727433932605,
      "stop" : 1727433932921,
      "duration" : 316
    },
    "status" : "passed",
    "steps" : [ ],
    "attachments" : [ ],
    "parameters" : [ ],
    "attachmentsCount" : 0,
    "shouldDisplayMessage" : false,
    "stepsCount" : 0,
    "hasContent" : false
  } ],
  "testStage" : {
    "status" : "failed",
    "statusMessage" : "AssertionError: Text 'Garment/textile technologist' not found in any of the elements",
    "statusTrace" : "self = <test_web_tables.TestWebTables object at 0x7f81e8bfd130>\n\n    @allure.title(\"Edit person from web tables\")\n    @pytest.mark.smoke\n    def test_edit_some_person(self):\n        self.web_tables.open()\n        self.web_tables.is_opened()\n        self.web_tables.make_screenshot()\n>       self.web_tables.edit_some_person()\n\ntests/test_web_tables.py:43: \n_ _ _ _ _ _ _ _ _ _ _ _ _ _ _ _ _ _ _ _ _ _ _ _ _ _ _ _ _ _ _ _ _ _ _ _ _ _ _ _ \npages/web_tables.py:160: in edit_some_person\n    self.verify_text_in_table(new_value)\npages/web_tables.py:151: in verify_text_in_table\n    self.check_text_in_multiple_elements(self.ALL_CELLS_TABLE_ELEMENTS, expected_text)\n_ _ _ _ _ _ _ _ _ _ _ _ _ _ _ _ _ _ _ _ _ _ _ _ _ _ _ _ _ _ _ _ _ _ _ _ _ _ _ _ \n\nself = <pages.web_tables.WebTables object at 0x7f81e7d718b0>\nlocator = ('xpath', \"//div[@class='rt-td']\")\nexpected_text = 'Garment/textile technologist', slicing = None\n\n    def check_text_in_multiple_elements(self, locator, expected_text, slicing=None):\n        with allure.step(f\"Check if text '{expected_text}' is present in multiple elements\"):\n            elements = self.wait.until(EC.presence_of_all_elements_located(locator))\n            for element in elements:\n                actual_text = slicing(element.text) if slicing else element.text\n                if str(expected_text).lower().strip() in actual_text.lower().strip():\n                    return element\n>           assert False, f\"Text '{expected_text}' not found in any of the elements\"\nE           AssertionError: Text 'Garment/textile technologist' not found in any of the elements\n\nbase/base_page.py:80: AssertionError",
    "steps" : [ {
      "name" : "Open https://demoqa.com/webtables page",
      "time" : {
        "start" : 1727433932985,
        "stop" : 1727433934400,
        "duration" : 1415
      },
      "status" : "passed",
      "steps" : [ ],
      "attachments" : [ ],
      "parameters" : [ ],
      "attachmentsCount" : 0,
      "shouldDisplayMessage" : false,
      "stepsCount" : 0,
      "hasContent" : false
    }, {
      "name" : "Page https://demoqa.com/webtables is opened",
      "time" : {
        "start" : 1727433934400,
        "stop" : 1727433934404,
        "duration" : 4
      },
      "status" : "passed",
      "steps" : [ ],
      "attachments" : [ ],
      "parameters" : [ ],
      "attachmentsCount" : 0,
      "shouldDisplayMessage" : false,
      "stepsCount" : 0,
      "hasContent" : false
    }, {
      "name" : "Edit some person details randomly",
      "time" : {
        "start" : 1727433934622,
        "stop" : 1727433936546,
        "duration" : 1924
      },
      "status" : "failed",
      "statusMessage" : "AssertionError: Text 'Garment/textile technologist' not found in any of the elements\n",
      "statusTrace" : "  File \"/usr/local/lib/python3.12/site-packages/allure_commons/_allure.py\", line 192, in impl\n    return func(*a, **kw)\n           ^^^^^^^^^^^^^^\n  File \"/usr/workspace/pages/web_tables.py\", line 160, in edit_some_person\n    self.verify_text_in_table(new_value)\n  File \"/usr/local/lib/python3.12/site-packages/allure_commons/_allure.py\", line 192, in impl\n    return func(*a, **kw)\n           ^^^^^^^^^^^^^^\n  File \"/usr/workspace/pages/web_tables.py\", line 151, in verify_text_in_table\n    self.check_text_in_multiple_elements(self.ALL_CELLS_TABLE_ELEMENTS, expected_text)\n  File \"/usr/workspace/base/base_page.py\", line 80, in check_text_in_multiple_elements\n    assert False, f\"Text '{expected_text}' not found in any of the elements\"\n",
      "steps" : [ {
        "name" : "Select a random row from the table",
        "time" : {
          "start" : 1727433934622,
          "stop" : 1727433935191,
          "duration" : 569
        },
        "status" : "passed",
        "steps" : [ {
          "name" : "Check visibility of elements located by ('xpath', \"//span[@title='Edit']\")",
          "time" : {
            "start" : 1727433934622,
            "stop" : 1727433934978,
            "duration" : 356
          },
          "status" : "passed",
          "steps" : [ ],
          "attachments" : [ ],
          "parameters" : [ ],
          "attachmentsCount" : 0,
          "shouldDisplayMessage" : false,
          "stepsCount" : 0,
          "hasContent" : false
        }, {
          "name" : "Get all elements from the list",
          "time" : {
            "start" : 1727433934978,
            "stop" : 1727433934978,
            "duration" : 0
          },
          "status" : "passed",
          "steps" : [ ],
          "attachments" : [ ],
          "parameters" : [ ],
          "attachmentsCount" : 0,
          "shouldDisplayMessage" : false,
          "stepsCount" : 0,
          "hasContent" : false
        }, {
          "name" : "Check if element located by <selenium.webdriver.remote.webelement.WebElement (session=\"cbea20237d8f33d21f8e7de252f9bf02\", element=\"76868d92-effa-4f5d-8709-a40e73626b80\")> is clickable",
          "time" : {
            "start" : 1727433934978,
            "stop" : 1727433935023,
            "duration" : 45
          },
          "status" : "passed",
          "steps" : [ ],
          "attachments" : [ ],
          "parameters" : [ ],
          "attachmentsCount" : 0,
          "shouldDisplayMessage" : false,
          "stepsCount" : 0,
          "hasContent" : false
        } ],
        "attachments" : [ ],
        "parameters" : [ ],
        "attachmentsCount" : 0,
        "shouldDisplayMessage" : false,
        "stepsCount" : 3,
        "hasContent" : true
      }, {
        "name" : "Select a random field to edit",
        "time" : {
          "start" : 1727433935191,
          "stop" : 1727433935191,
          "duration" : 0
        },
        "status" : "passed",
        "steps" : [ {
          "name" : "Get all elements from the list",
          "time" : {
            "start" : 1727433935191,
            "stop" : 1727433935191,
            "duration" : 0
          },
          "status" : "passed",
          "steps" : [ ],
          "attachments" : [ ],
          "parameters" : [ ],
          "attachmentsCount" : 0,
          "shouldDisplayMessage" : false,
          "stepsCount" : 0,
          "hasContent" : false
        } ],
        "attachments" : [ ],
        "parameters" : [ ],
        "attachmentsCount" : 0,
        "shouldDisplayMessage" : false,
        "stepsCount" : 1,
        "hasContent" : true
      }, {
        "name" : "Check visibility of element located by ('xpath', \"//input[@id='department']\")",
        "time" : {
          "start" : 1727433935191,
          "stop" : 1727433935300,
          "duration" : 109
        },
        "status" : "passed",
        "steps" : [ ],
        "attachments" : [ ],
        "parameters" : [ ],
        "attachmentsCount" : 0,
        "shouldDisplayMessage" : false,
        "stepsCount" : 0,
        "hasContent" : false
      }, {
        "name" : "Generate a new value for the field of type 'department'",
        "time" : {
          "start" : 1727433935300,
          "stop" : 1727433935300,
          "duration" : 0
        },
        "status" : "passed",
        "steps" : [ ],
        "attachments" : [ ],
        "parameters" : [ {
          "name" : "field_type",
          "value" : "'department'"
        } ],
        "attachmentsCount" : 0,
        "shouldDisplayMessage" : false,
        "stepsCount" : 0,
        "hasContent" : true
      }, {
        "name" : "Modify the field with the new value",
        "time" : {
          "start" : 1727433935300,
          "stop" : 1727433935531,
          "duration" : 231
        },
        "status" : "passed",
        "steps" : [ {
          "name" : "Check if element located by ('xpath', \"//button[@id='submit']\") is clickable",
          "time" : {
            "start" : 1727433935454,
            "stop" : 1727433935481,
            "duration" : 27
          },
          "status" : "passed",
          "steps" : [ ],
          "attachments" : [ ],
          "parameters" : [ ],
          "attachmentsCount" : 0,
          "shouldDisplayMessage" : false,
          "stepsCount" : 0,
          "hasContent" : false
        } ],
        "attachments" : [ ],
        "parameters" : [ {
          "name" : "input_element",
          "value" : "<selenium.webdriver.remote.webelement.WebElement (session=\"cbea20237d8f33d21f8e7de252f9bf02\", element=\"8c41984a-bea5-40eb-be26-c1b758c82a05\")>"
        }, {
          "name" : "new_value",
          "value" : "'Garment/textile technologist'"
        } ],
        "attachmentsCount" : 0,
        "shouldDisplayMessage" : false,
        "stepsCount" : 1,
        "hasContent" : true
      }, {
        "name" : "Verify the new text in the table",
        "time" : {
          "start" : 1727433935531,
          "stop" : 1727433936546,
          "duration" : 1015
        },
        "status" : "failed",
        "statusMessage" : "AssertionError: Text 'Garment/textile technologist' not found in any of the elements\n",
        "statusTrace" : "  File \"/usr/local/lib/python3.12/site-packages/allure_commons/_allure.py\", line 192, in impl\n    return func(*a, **kw)\n           ^^^^^^^^^^^^^^\n  File \"/usr/workspace/pages/web_tables.py\", line 151, in verify_text_in_table\n    self.check_text_in_multiple_elements(self.ALL_CELLS_TABLE_ELEMENTS, expected_text)\n  File \"/usr/workspace/base/base_page.py\", line 80, in check_text_in_multiple_elements\n    assert False, f\"Text '{expected_text}' not found in any of the elements\"\n",
        "steps" : [ {
          "name" : "Check if text 'Garment/textile technologist' is present in multiple elements",
          "time" : {
            "start" : 1727433935531,
            "stop" : 1727433936546,
            "duration" : 1015
          },
          "status" : "failed",
          "statusMessage" : "AssertionError: Text 'Garment/textile technologist' not found in any of the elements\n",
          "statusTrace" : "  File \"/usr/workspace/base/base_page.py\", line 80, in check_text_in_multiple_elements\n    assert False, f\"Text '{expected_text}' not found in any of the elements\"\n",
          "steps" : [ ],
          "attachments" : [ ],
          "parameters" : [ ],
          "attachmentsCount" : 0,
          "shouldDisplayMessage" : true,
          "stepsCount" : 0,
          "hasContent" : true
        } ],
        "attachments" : [ ],
        "parameters" : [ {
          "name" : "expected_text",
          "value" : "'Garment/textile technologist'"
        } ],
        "attachmentsCount" : 0,
        "shouldDisplayMessage" : false,
        "stepsCount" : 1,
        "hasContent" : true
      } ],
      "attachments" : [ ],
      "parameters" : [ ],
      "attachmentsCount" : 0,
      "shouldDisplayMessage" : false,
      "stepsCount" : 12,
      "hasContent" : true
    } ],
    "attachments" : [ {
      "uid" : "c34c82743911f84",
      "name" : "Screenshot",
      "source" : "c34c82743911f84.png",
      "type" : "image/png",
      "size" : 284230
    } ],
    "parameters" : [ ],
    "attachmentsCount" : 1,
    "shouldDisplayMessage" : true,
    "stepsCount" : 15,
    "hasContent" : true
  },
  "afterStages" : [ {
    "name" : "driver::0",
    "time" : {
      "start" : 1727433936556,
      "stop" : 1727433936610,
      "duration" : 54
    },
    "status" : "passed",
    "steps" : [ ],
    "attachments" : [ ],
    "parameters" : [ ],
    "attachmentsCount" : 0,
    "shouldDisplayMessage" : false,
    "stepsCount" : 0,
    "hasContent" : false
  } ],
  "labels" : [ {
    "name" : "feature",
    "value" : "Elements - Wev Tables"
  }, {
    "name" : "tag",
    "value" : "smoke"
  }, {
    "name" : "parentSuite",
    "value" : "tests"
  }, {
    "name" : "suite",
    "value" : "test_web_tables"
  }, {
    "name" : "subSuite",
    "value" : "TestWebTables"
  }, {
    "name" : "host",
    "value" : "3eeff5267294"
  }, {
    "name" : "thread",
    "value" : "1-MainThread"
  }, {
    "name" : "framework",
    "value" : "pytest"
  }, {
    "name" : "language",
    "value" : "cpython3"
  }, {
    "name" : "package",
    "value" : "tests.test_web_tables"
  }, {
    "name" : "resultFormat",
    "value" : "allure2"
  } ],
  "parameters" : [ ],
  "links" : [ ],
  "hidden" : false,
  "retry" : false,
  "extra" : {
    "severity" : "normal",
    "retries" : [ ],
    "categories" : [ {
      "name" : "Product defects",
      "matchedStatuses" : [ ],
      "flaky" : false
    } ],
    "history" : {
      "statistic" : {
        "failed" : 1,
        "broken" : 0,
        "skipped" : 0,
        "passed" : 7,
        "unknown" : 0,
        "total" : 8
      },
      "items" : [ {
        "uid" : "beaf4bbd615a6e49",
        "status" : "passed",
        "time" : {
          "start" : 1727167219673,
          "stop" : 1727167227628,
          "duration" : 7955
        }
      }, {
        "uid" : "e693ccd4510991c9",
        "status" : "passed",
        "time" : {
          "start" : 1726735702406,
          "stop" : 1726735711014,
          "duration" : 8608
        }
      }, {
        "uid" : "21370101489ec3da",
        "status" : "passed",
        "time" : {
          "start" : 1726734183013,
          "stop" : 1726734191230,
          "duration" : 8217
        }
      }, {
        "uid" : "5974315b38e7cbb4",
        "status" : "passed",
        "time" : {
          "start" : 1726686645781,
          "stop" : 1726686657687,
          "duration" : 11906
        }
      }, {
        "uid" : "88ef8b7f3a262b1d",
        "status" : "passed",
        "time" : {
          "start" : 1726564622722,
          "stop" : 1726564625664,
          "duration" : 2942
        }
      }, {
        "uid" : "55c1da6d9615089",
        "status" : "passed",
        "time" : {
          "start" : 1726146074109,
          "stop" : 1726146077448,
          "duration" : 3339
        }
      }, {
        "uid" : "a35fcf9f25228ce3",
        "status" : "passed",
        "time" : {
          "start" : 1726040835740,
          "stop" : 1726040843904,
          "duration" : 8164
        }
      } ]
    },
    "tags" : [ "smoke" ]
  },
  "source" : "7eb79a490e4cd58f.json",
  "parameterValues" : [ ]
}